<?xml version="1.0" encoding="UTF-8"?>
<!-- Generated by org.testng.reporters.JUnitReportReporter -->
<testsuite hostname="DESKTOP-F8PE7CG" failures="0" tests="2" name="TestNG_Video.DataProviderRecap" time="63.846" errors="0" timestamp="2020-05-22T23:46:55 EDT" skipped="0">
  <testcase classname="TestNG_Video.DataProviderRecap" name="addMultipleEmployee" time="31.931"/>
  <system-out/>
  <testcase classname="TestNG_Video.DataProviderRecap" name="addMultipleEmployee" time="31.915"/>
  <system-out/>
</testsuite> <!-- TestNG_Video.DataProviderRecap -->
