<?xml version="1.0" encoding="UTF-8"?>
<!-- Generated by org.testng.reporters.JUnitReportReporter -->
<testsuite hostname="DESKTOP-F8PE7CG" failures="0" tests="3" name="TestNG_Video.TestNGDemo" time="0.009" errors="0" timestamp="2020-05-22T21:42:25 EDT" skipped="0">
  <testcase classname="TestNG_Video.TestNGDemo" name="methodThree" time="0.001"/>
  <system-out/>
  <testcase classname="TestNG_Video.TestNGDemo" name="methodOne" time="0.007"/>
  <system-out/>
  <testcase classname="TestNG_Video.TestNGDemo" name="methodTwo" time="0.001"/>
  <system-out/>
</testsuite> <!-- TestNG_Video.TestNGDemo -->
