<?xml version="1.0" encoding="UTF-8"?>
<!-- Generated by org.testng.reporters.JUnitReportReporter -->
<testsuite hostname="DESKTOP-F8PE7CG" failures="0" tests="2" name="TestNG_Video.OrangeHrmTitleAndLoginValidation" time="19.183" errors="0" timestamp="2020-05-22T22:39:03 EDT" skipped="0">
  <testcase classname="TestNG_Video.OrangeHrmTitleAndLoginValidation" name="titleValidation" time="7.472"/>
  <system-out/>
  <testcase classname="TestNG_Video.OrangeHrmTitleAndLoginValidation" name="loginValidation" time="11.711"/>
  <system-out/>
</testsuite> <!-- TestNG_Video.OrangeHrmTitleAndLoginValidation -->
