<?xml version="1.0" encoding="UTF-8"?>
<!-- Generated by org.testng.reporters.JUnitReportReporter -->
<testsuite hostname="DESKTOP-F8PE7CG" failures="0" tests="3" name="TestNG_hsn.TextNGDemo__Listener" time="0.009" errors="0" timestamp="2020-05-23T23:44:51 EDT" skipped="0">
  <testcase classname="TestNG_hsn.TextNGDemo__Listener" name="methodthree" time="0.001"/>
  <system-out/>
  <testcase classname="TestNG_hsn.TextNGDemo__Listener" name="methodfive" time="0.001"/>
  <system-out/>
  <testcase classname="TestNG_hsn.TextNGDemo__Listener" name="methodtwo" time="0.007"/>
  <system-out/>
</testsuite> <!-- TestNG_hsn.TextNGDemo__Listener -->
