<?xml version="1.0" encoding="UTF-8"?>
<!-- Generated by org.testng.reporters.JUnitReportReporter -->
<testsuite hostname="DESKTOP-F8PE7CG" failures="0" tests="1" name="TestNG_hsn.AssertionsRecap" time="0.003" errors="0" timestamp="2020-05-23T01:24:18 EDT" skipped="0">
  <testcase classname="TestNG_hsn.AssertionsRecap" name="testtwo" time="0.003"/>
  <system-out/>
</testsuite> <!-- TestNG_hsn.AssertionsRecap -->
